# JRE version: OpenJDK Runtime Environment (8.0_112-b06) (build 1.8.0_112-release-b06)
# Java VM: OpenJDK 64-Bit Server VM (25.112-b06 mixed mode windows-amd64 compressed oops)
Heap:
 PSYoungGen      total 243712K, used 78475K [0x00000000e0000000, 0x00000000f6980000, 0x0000000100000000)
  eden space 228864K, 34% used [0x00000000e0000000,0x00000000e4ca2d60,0x00000000edf80000)
  from space 14848K, 0% used [0x00000000edf80000,0x00000000edf80000,0x00000000eee00000)
  to   space 25088K, 0% used [0x00000000f5100000,0x00000000f5100000,0x00000000f6980000)
 ParOldGen       total 83968K, used 43250K [0x00000000a0000000, 0x00000000a5200000, 0x00000000e0000000)
  object space 83968K, 51% used [0x00000000a0000000,0x00000000a2a3cb60,0x00000000a5200000)
 Metaspace       used 54479K, capacity 56834K, committed 57088K, reserved 1097728K
  class space    used 7425K, capacity 7920K, committed 7936K, reserved 1048576K
GC Heap History (10 events):
Event: 19.006 GC heap before
{Heap before GC invocations=8 (full 1):
 PSYoungGen      total 133120K, used 126196K [0x00000000e0000000, 0x00000000e9200000, 0x0000000100000000)
  eden space 124416K, 94% used [0x00000000e0000000,0x00000000e732a858,0x00000000e7980000)
  from space 8704K, 94% used [0x00000000e8980000,0x00000000e91929e0,0x00000000e9200000)
  to   space 10752K, 0% used [0x00000000e7d00000,0x00000000e7d00000,0x00000000e8780000)
 ParOldGen       total 33792K, used 9127K [0x00000000a0000000, 0x00000000a2100000, 0x00000000e0000000)
  object space 33792K, 27% used [0x00000000a0000000,0x00000000a08e9cf8,0x00000000a2100000)
 Metaspace       used 34582K, capacity 35264K, committed 35456K, reserved 1079296K
  class space    used 4667K, capacity 4883K, committed 4992K, reserved 1048576K
Event: 19.051 GC heap after
Heap after GC invocations=8 (full 1):
 PSYoungGen      total 138752K, used 10745K [0x00000000e0000000, 0x00000000efd80000, 0x0000000100000000)
  eden space 128000K, 0% used [0x00000000e0000000,0x00000000e0000000,0x00000000e7d00000)
  from space 10752K, 99% used [0x00000000e7d00000,0x00000000e877e650,0x00000000e8780000)
  to   space 13312K, 0% used [0x00000000ef080000,0x00000000ef080000,0x00000000efd80000)
 ParOldGen       total 33792K, used 11093K [0x00000000a0000000, 0x00000000a2100000, 0x00000000e0000000)
  object space 33792K, 32% used [0x00000000a0000000,0x00000000a0ad55d8,0x00000000a2100000)
 Metaspace       used 34582K, capacity 35264K, committed 35456K, reserved 1079296K
  class space    used 4667K, capacity 4883K, committed 4992K, reserved 1048576K
}
Event: 19.051 GC heap before
{Heap before GC invocations=9 (full 2):
 PSYoungGen      total 138752K, used 10745K [0x00000000e0000000, 0x00000000efd80000, 0x0000000100000000)
  eden space 128000K, 0% used [0x00000000e0000000,0x00000000e0000000,0x00000000e7d00000)
  from space 10752K, 99% used [0x00000000e7d00000,0x00000000e877e650,0x00000000e8780000)
  to   space 13312K, 0% used [0x00000000ef080000,0x00000000ef080000,0x00000000efd80000)
 ParOldGen       total 33792K, used 11093K [0x00000000a0000000, 0x00000000a2100000, 0x00000000e0000000)
  object space 33792K, 32% used [0x00000000a0000000,0x00000000a0ad55d8,0x00000000a2100000)
 Metaspace       used 34582K, capacity 35264K, committed 35456K, reserved 1079296K
  class space    used 4667K, capacity 4883K, committed 4992K, reserved 1048576K
Event: 19.130 GC heap after
Heap after GC invocations=9 (full 2):
 PSYoungGen      total 138752K, used 0K [0x00000000e0000000, 0x00000000efd80000, 0x0000000100000000)
  eden space 128000K, 0% used [0x00000000e0000000,0x00000000e0000000,0x00000000e7d00000)
  from space 10752K, 0% used [0x00000000e7d00000,0x00000000e7d00000,0x00000000e8780000)
  to   space 13312K, 0% used [0x00000000ef080000,0x00000000ef080000,0x00000000efd80000)
 ParOldGen       total 47104K, used 18777K [0x00000000a0000000, 0x00000000a2e00000, 0x00000000e0000000)
  object space 47104K, 39% used [0x00000000a0000000,0x00000000a12567d0,0x00000000a2e00000)
 Metaspace       used 34582K, capacity 35264K, committed 35456K, reserved 1079296K
  class space    used 4667K, capacity 4883K, committed 4992K, reserved 1048576K
}
Event: 21.169 GC heap before
{Heap before GC invocations=10 (full 2):
 PSYoungGen      total 138752K, used 127988K [0x00000000e0000000, 0x00000000efd80000, 0x0000000100000000)
  eden space 128000K, 99% used [0x00000000e0000000,0x00000000e7cfd240,0x00000000e7d00000)
  from space 10752K, 0% used [0x00000000e7d00000,0x00000000e7d00000,0x00000000e8780000)
  to   space 13312K, 0% used [0x00000000ef080000,0x00000000ef080000,0x00000000efd80000)
 ParOldGen       total 47104K, used 18777K [0x00000000a0000000, 0x00000000a2e00000, 0x00000000e0000000)
  object space 47104K, 39% used [0x00000000a0000000,0x00000000a12567d0,0x00000000a2e00000)
 Metaspace       used 42911K, capacity 43826K, committed 44032K, reserved 1087488K
  class space    used 5781K, capacity 6025K, committed 6144K, reserved 1048576K
Event: 21.189 GC heap after
Heap after GC invocations=10 (full 2):
 PSYoungGen      total 236032K, used 11912K [0x00000000e0000000, 0x00000000efc80000, 0x0000000100000000)
  eden space 223744K, 0% used [0x00000000e0000000,0x00000000e0000000,0x00000000eda80000)
  from space 12288K, 96% used [0x00000000ef080000,0x00000000efc22098,0x00000000efc80000)
  to   space 14848K, 0% used [0x00000000edf80000,0x00000000edf80000,0x00000000eee00000)
 ParOldGen       total 47104K, used 18785K [0x00000000a0000000, 0x00000000a2e00000, 0x00000000e0000000)
  object space 47104K, 39% used [0x00000000a0000000,0x00000000a12587d0,0x00000000a2e00000)
 Metaspace       used 42911K, capacity 43826K, committed 44032K, reserved 1087488K
  class space    used 5781K, capacity 6025K, committed 6144K, reserved 1048576K
}
Event: 28.211 GC heap before
{Heap before GC invocations=11 (full 2):
 PSYoungGen      total 236032K, used 235656K [0x00000000e0000000, 0x00000000efc80000, 0x0000000100000000)
  eden space 223744K, 100% used [0x00000000e0000000,0x00000000eda80000,0x00000000eda80000)
  from space 12288K, 96% used [0x00000000ef080000,0x00000000efc22098,0x00000000efc80000)
  to   space 14848K, 0% used [0x00000000edf80000,0x00000000edf80000,0x00000000eee00000)
 ParOldGen       total 47104K, used 18785K [0x00000000a0000000, 0x00000000a2e00000, 0x00000000e0000000)
  object space 47104K, 39% used [0x00000000a0000000,0x00000000a12587d0,0x00000000a2e00000)
 Metaspace       used 53127K, capacity 55328K, committed 55424K, reserved 1097728K
  class space    used 7281K, capacity 7747K, committed 7808K, reserved 1048576K
Event: 28.271 GC heap after
Heap after GC invocations=11 (full 2):
 PSYoungGen      total 243712K, used 14843K [0x00000000e0000000, 0x00000000f6980000, 0x0000000100000000)
  eden space 228864K, 0% used [0x00000000e0000000,0x00000000e0000000,0x00000000edf80000)
  from space 14848K, 99% used [0x00000000edf80000,0x00000000eedfecb0,0x00000000eee00000)
  to   space 25088K, 0% used [0x00000000f5100000,0x00000000f5100000,0x00000000f6980000)
 ParOldGen       total 47104K, used 37742K [0x00000000a0000000, 0x00000000a2e00000, 0x00000000e0000000)
  object space 47104K, 80% used [0x00000000a0000000,0x00000000a24dbaf0,0x00000000a2e00000)
 Metaspace       used 53127K, capacity 55328K, committed 55424K, reserved 1097728K
  class space    used 7281K, capacity 7747K, committed 7808K, reserved 1048576K
}
Event: 28.271 GC heap before
{Heap before GC invocations=12 (full 3):
 PSYoungGen      total 243712K, used 14843K [0x00000000e0000000, 0x00000000f6980000, 0x0000000100000000)
  eden space 228864K, 0% used [0x00000000e0000000,0x00000000e0000000,0x00000000edf80000)
  from space 14848K, 99% used [0x00000000edf80000,0x00000000eedfecb0,0x00000000eee00000)
  to   space 25088K, 0% used [0x00000000f5100000,0x00000000f5100000,0x00000000f6980000)
 ParOldGen       total 47104K, used 37742K [0x00000000a0000000, 0x00000000a2e00000, 0x00000000e0000000)
  object space 47104K, 80% used [0x00000000a0000000,0x00000000a24dbaf0,0x00000000a2e00000)
 Metaspace       used 53127K, capacity 55328K, committed 55424K, reserved 1097728K
  class space    used 7281K, capacity 7747K, committed 7808K, reserved 1048576K
Event: 28.539 GC heap after
Heap after GC invocations=12 (full 3):
 PSYoungGen      total 243712K, used 0K [0x00000000e0000000, 0x00000000f6980000, 0x0000000100000000)
  eden space 228864K, 0% used [0x00000000e0000000,0x00000000e0000000,0x00000000edf80000)
  from space 14848K, 0% used [0x00000000edf80000,0x00000000edf80000,0x00000000eee00000)
  to   space 25088K, 0% used [0x00000000f5100000,0x00000000f5100000,0x00000000f6980000)
 ParOldGen       total 83968K, used 43250K [0x00000000a0000000, 0x00000000a5200000, 0x00000000e0000000)
  object space 83968K, 51% used [0x00000000a0000000,0x00000000a2a3cb60,0x00000000a5200000)
 Metaspace       used 53127K, capacity 55328K, committed 55424K, reserved 1097728K
  class space    used 7281K, capacity 7747K, committed 7808K, reserved 1048576K
}

